Using pre-set license
Built from '2022.1/staging' branch; Version is '2022.1.20f1 (01d83b40d570) revision 120891'; Using compiler version '192829333'; Build Type 'Release'
OS: 'Windows 11  (10.0.22621) 64bit CoreSingleLanguage' Language: 'en' Physical Memory: 15789 MB
BatchMode: 1, IsHumanControllingUs: 0, StartBugReporterOnCrash: 0, Is64bit: 1, IsPro: 1

COMMAND LINE ARGUMENTS:
D:\Unity  Editor\2022.1.20f1\Editor\Unity.exe
-adb2
-batchMode
-noUpm
-name
AssetImportWorker0
-projectPath
D:/developmentG/FirstWeekUI
-logFile
Logs/AssetImportWorker0.log
-srvPort
49355
Successfully changed project path to: D:/developmentG/FirstWeekUI
D:/developmentG/FirstWeekUI
[UnityMemory] Configuration Parameters - Can be set up in boot.config
    "memorysetup-bucket-allocator-granularity=16"
    "memorysetup-bucket-allocator-bucket-count=8"
    "memorysetup-bucket-allocator-block-size=33554432"
    "memorysetup-bucket-allocator-block-count=8"
    "memorysetup-main-allocator-block-size=16777216"
    "memorysetup-thread-allocator-block-size=16777216"
    "memorysetup-gfx-main-allocator-block-size=16777216"
    "memorysetup-gfx-thread-allocator-block-size=16777216"
    "memorysetup-cache-allocator-block-size=4194304"
    "memorysetup-typetree-allocator-block-size=2097152"
    "memorysetup-profiler-bucket-allocator-granularity=16"
    "memorysetup-profiler-bucket-allocator-bucket-count=8"
    "memorysetup-profiler-bucket-allocator-block-size=33554432"
    "memorysetup-profiler-bucket-allocator-block-count=8"
    "memorysetup-profiler-allocator-block-size=16777216"
    "memorysetup-profiler-editor-allocator-block-size=1048576"
    "memorysetup-temp-allocator-size-main=16777216"
    "memorysetup-job-temp-allocator-block-size=2097152"
    "memorysetup-job-temp-allocator-block-size-background=1048576"
    "memorysetup-job-temp-allocator-reduction-small-platforms=262144"
    "memorysetup-temp-allocator-size-background-worker=32768"
    "memorysetup-temp-allocator-size-job-worker=262144"
    "memorysetup-temp-allocator-size-preload-manager=33554432"
    "memorysetup-temp-allocator-size-nav-mesh-worker=65536"
    "memorysetup-temp-allocator-size-audio-worker=65536"
    "memorysetup-temp-allocator-size-cloud-worker=32768"
    "memorysetup-temp-allocator-size-gi-baking-worker=262144"
    "memorysetup-temp-allocator-size-gfx=262144"
Refreshing native plugins compatible for Editor in 65.16 ms, found 3 plugins.
Preloading 0 native plugins for Editor in 0.00 ms.
Initialize engine version: 2022.1.20f1 (01d83b40d570)
[Subsystems] Discovering subsystems at path D:/Unity  Editor/2022.1.20f1/Editor/Data/Resources/UnitySubsystems
[Subsystems] Discovering subsystems at path D:/developmentG/FirstWeekUI/Assets
GfxDevice: creating device client; threaded=0; jobified=0
Direct3D:
    Version:  Direct3D 11.0 [level 11.1]
    Renderer: NVIDIA GeForce GTX 1660 Ti with Max-Q Design (ID=0x2191)
    Vendor:   NVIDIA
    VRAM:     5979 MB
    Driver:   31.0.15.3734
Initialize mono
Mono path[0] = 'D:/Unity  Editor/2022.1.20f1/Editor/Data/Managed'
Mono path[1] = 'D:/Unity  Editor/2022.1.20f1/Editor/Data/MonoBleedingEdge/lib/mono/unityjit-win32'
Mono config path = 'D:/Unity  Editor/2022.1.20f1/Editor/Data/MonoBleedingEdge/etc'
Using monoOptions --debugger-agent=transport=dt_socket,embedding=1,server=y,suspend=n,address=127.0.0.1:56296
Begin MonoManager ReloadAssembly
Registering precompiled unity dll's ...
Register platform support module: D:/Unity  Editor/2022.1.20f1/Editor/Data/PlaybackEngines/AndroidPlayer/UnityEditor.Android.Extensions.dll
Register platform support module: D:/Unity  Editor/2022.1.20f1/Editor/Data/PlaybackEngines/WindowsStandaloneSupport/UnityEditor.WindowsStandalone.Extensions.dll
Registered in 0.002055 seconds.
Native extension for WindowsStandalone target not found
Native extension for Android target not found
Refreshing native plugins compatible for Editor in 66.33 ms, found 3 plugins.
Preloading 0 native plugins for Editor in 0.00 ms.
Mono: successfully reloaded assembly
- Completed reload, in  0.702 seconds
Domain Reload Profiling:
	ReloadAssembly (703ms)
		BeginReloadAssembly (100ms)
			ExecutionOrderSort (0ms)
			DisableScriptedObjects (0ms)
			BackupInstance (0ms)
			ReleaseScriptingObjects (0ms)
			CreateAndSetChildDomain (1ms)
		EndReloadAssembly (504ms)
			LoadAssemblies (100ms)
			RebuildTransferFunctionScriptingTraits (0ms)
			SetupTypeCache (117ms)
				TypeCache.Initialize (116ms)
					TypeCache.ScanAssembly (115ms)
				ResolveRequiredComponents (0ms)
			ReleaseScriptCaches (0ms)
			RebuildScriptCaches (31ms)
			SetupLoadedEditorAssemblies (302ms)
				LogAssemblyErrors (0ms)
				InitializePlatformSupportModulesInManaged (61ms)
				SetLoadedEditorAssemblies (9ms)
				RefreshPlugins (66ms)
				BeforeProcessingInitializeOnLoad (2ms)
				ProcessInitializeOnLoadAttributes (116ms)
				ProcessInitializeOnLoadMethodAttributes (48ms)
				AfterProcessingInitializeOnLoad (0ms)
				EditorAssembliesLoaded (0ms)
			ExecutionOrderSort2 (0ms)
			AwakeInstancesAfterBackupRestoration (0ms)
Platform modules already initialized, skipping
Registering precompiled user dll's ...
Registered in 0.003998 seconds.
Begin MonoManager ReloadAssembly
Symbol file LoadedFromMemory doesn't match image D:\developmentG\FirstWeekUI\Library\PackageCache\com.unity.visualscripting@1.8.0\Editor\VisualScripting.Core\Dependencies\YamlDotNet\Unity.VisualScripting.YamlDotNet.dll
Symbol file LoadedFromMemory doesn't match image D:\developmentG\FirstWeekUI\Library\PackageCache\com.unity.visualscripting@1.8.0\Editor\VisualScripting.Core\Dependencies\DotNetZip\Unity.VisualScripting.IonicZip.dll
Native extension for WindowsStandalone target not found
Native extension for Android target not found
Refreshing native plugins compatible for Editor in 0.53 ms, found 3 plugins.
Preloading 0 native plugins for Editor in 0.00 ms.
Mono: successfully reloaded assembly
- Completed reload, in  0.976 seconds
Domain Reload Profiling:
	ReloadAssembly (977ms)
		BeginReloadAssembly (141ms)
			ExecutionOrderSort (0ms)
			DisableScriptedObjects (5ms)
			BackupInstance (0ms)
			ReleaseScriptingObjects (0ms)
			CreateAndSetChildDomain (25ms)
		EndReloadAssembly (725ms)
			LoadAssemblies (102ms)
			RebuildTransferFunctionScriptingTraits (0ms)
			SetupTypeCache (222ms)
				TypeCache.Initialize (218ms)
					TypeCache.ScanAssembly (214ms)
				ResolveRequiredComponents (4ms)
			ReleaseScriptCaches (1ms)
			RebuildScriptCaches (50ms)
			SetupLoadedEditorAssemblies (325ms)
				LogAssemblyErrors (0ms)
				InitializePlatformSupportModulesInManaged (13ms)
				SetLoadedEditorAssemblies (7ms)
				RefreshPlugins (1ms)
				BeforeProcessingInitializeOnLoad (63ms)
				ProcessInitializeOnLoadAttributes (218ms)
				ProcessInitializeOnLoadMethodAttributes (21ms)
				AfterProcessingInitializeOnLoad (3ms)
				EditorAssembliesLoaded (0ms)
			ExecutionOrderSort2 (0ms)
			AwakeInstancesAfterBackupRestoration (6ms)
Platform modules already initialized, skipping
========================================================================
Worker process is ready to serve import requests
Launched and connected shader compiler UnityShaderCompiler.exe after 0.05 seconds
Refreshing native plugins compatible for Editor in 0.60 ms, found 3 plugins.
Preloading 0 native plugins for Editor in 0.00 ms.
Unloading 2918 Unused Serialized files (Serialized files now loaded: 0)
Unloading 22 unused Assets / (58.3 KB). Loaded Objects now: 3383.
Memory consumption went from 453.3 MB to 453.2 MB.
Total: 3.499200 ms (FindLiveObjects: 0.393500 ms CreateObjectMapping: 0.144100 ms MarkObjects: 2.872400 ms  DeleteObjects: 0.087600 ms)

AssetImportParameters requested are different than current active one (requested -> active):
  custom:video-decoder-ogg-theora: a1e56fd34408186e4bbccfd4996cb3dc -> 
  custom:container-muxer-webm: aa71ff27fc2769a1b78a27578f13a17b -> 
  custom:container-demuxer-webm: 4f35f7cbe854078d1ac9338744f61a02 -> 
  custom:video-encoder-webm-vp8: eb34c28f22e8b96e1ab97ce403110664 -> 
  custom:video-codec-MediaFoundation-h265: 746d11721c4dcdbdad8f713fa42b33f4 -> 
  custom:audio-encoder-webm-vorbis: bf7c407c2cedff20999df2af8eb42d56 -> 
  custom:framework-win-MediaFoundation: 216162199b28c13a410421893ffa2e32 -> 
  custom:container-demuxer-ogg: 62fdf1f143b41e24485cea50d1cbac27 -> 
  custom:video-decoder-webm-vp8: 9c59270c3fd7afecdb556c50c9e8de78 -> 
  custom:audio-decoder-ogg-vorbis: bf7c407c2cedff20999df2af8eb42d56 -> 
========================================================================
Received Import Request.
  Time since last request: 66743.512018 seconds.
  path: Assets/Font
  artifactKey: Guid(d0881a23353a2a04ebcf8cb7aee4f792) Importer(815301076,1909f56bfc062723c751e8b465ee728b)
Start importing Assets/Font using Guid(d0881a23353a2a04ebcf8cb7aee4f792) Importer(815301076,1909f56bfc062723c751e8b465ee728b)  -> (artifact id: '7435af94d96e52f614890eaa9e18abc7') in 0.008292 seconds 
========================================================================
Received Import Request.
  Time since last request: 0.000028 seconds.
  path: Assets/Font/Nunito/Nunito-Italic-VariableFont_wght.ttf
  artifactKey: Guid(8c14f7717edc160429f01423186e6b19) Importer(815301076,1909f56bfc062723c751e8b465ee728b)
Start importing Assets/Font/Nunito/Nunito-Italic-VariableFont_wght.ttf using Guid(8c14f7717edc160429f01423186e6b19) Importer(815301076,1909f56bfc062723c751e8b465ee728b)  -> (artifact id: 'a163db3943bf15bcb3d5c131d8714089') in 0.151514 seconds 
========================================================================
Received Import Request.
  Time since last request: 0.000027 seconds.
  path: Assets/Font/Nunito
  artifactKey: Guid(8e01c1648ac87484391d68893f05e14c) Importer(815301076,1909f56bfc062723c751e8b465ee728b)
Start importing Assets/Font/Nunito using Guid(8e01c1648ac87484391d68893f05e14c) Importer(815301076,1909f56bfc062723c751e8b465ee728b)  -> (artifact id: '5575cdc856ce8e800c35c2d300b84ce3') in 0.007199 seconds 
========================================================================
Received Import Request.
  Time since last request: 176.733284 seconds.
  path: Assets/Font/Nunito/static
  artifactKey: Guid(80c13ee5f71de194388cc86a50351230) Importer(815301076,1909f56bfc062723c751e8b465ee728b)
Start importing Assets/Font/Nunito/static using Guid(80c13ee5f71de194388cc86a50351230) Importer(815301076,1909f56bfc062723c751e8b465ee728b)  -> (artifact id: 'a7caa0097122f1572ace3ffccd24254d') in 0.006774 seconds 
========================================================================
Received Import Request.
  Time since last request: 0.037941 seconds.
  path: Assets/Font/Nunito/static/Nunito-Black.ttf
  artifactKey: Guid(0d14cd5324bce4a4fba38cf3f36c1dde) Importer(815301076,1909f56bfc062723c751e8b465ee728b)
Start importing Assets/Font/Nunito/static/Nunito-Black.ttf using Guid(0d14cd5324bce4a4fba38cf3f36c1dde) Importer(815301076,1909f56bfc062723c751e8b465ee728b)  -> (artifact id: '8b6f438656112f06ca3752f1c61de6b2') in 0.023322 seconds 
========================================================================
Received Import Request.
  Time since last request: 0.000028 seconds.
  path: Assets/Font/Nunito/static/Nunito-ExtraLightItalic.ttf
  artifactKey: Guid(4e6d9af95b252fc488a4ef534fb9dfcd) Importer(815301076,1909f56bfc062723c751e8b465ee728b)
Start importing Assets/Font/Nunito/static/Nunito-ExtraLightItalic.ttf using Guid(4e6d9af95b252fc488a4ef534fb9dfcd) Importer(815301076,1909f56bfc062723c751e8b465ee728b)  -> (artifact id: 'a9954beeef67c7c3b25caa81b375a3cb') in 0.029797 seconds 
========================================================================
Received Import Request.
  Time since last request: 0.000031 seconds.
  path: Assets/Font/Nunito/static/Nunito-BoldItalic.ttf
  artifactKey: Guid(97224d52f1ae4a648875d6653c3d2cfd) Importer(815301076,1909f56bfc062723c751e8b465ee728b)
Start importing Assets/Font/Nunito/static/Nunito-BoldItalic.ttf using Guid(97224d52f1ae4a648875d6653c3d2cfd) Importer(815301076,1909f56bfc062723c751e8b465ee728b)  -> (artifact id: '09f26a5b0717d68bfc25eac20c8c12b2') in 0.025121 seconds 
========================================================================
Received Import Request.
  Time since last request: 0.000055 seconds.
  path: Assets/Font/Nunito/static/Nunito-ExtraBold.ttf
  artifactKey: Guid(9227ab8bf50b9fd4b8a774a5c33a874c) Importer(815301076,1909f56bfc062723c751e8b465ee728b)
Start importing Assets/Font/Nunito/static/Nunito-ExtraBold.ttf using Guid(9227ab8bf50b9fd4b8a774a5c33a874c) Importer(815301076,1909f56bfc062723c751e8b465ee728b)  -> (artifact id: '0bbbc91041df558b665f5b24ef804196') in 0.022283 seconds 
========================================================================
Received Import Request.
  Time since last request: 0.000037 seconds.
  path: Assets/Font/Nunito/static/Nunito-Light.ttf
  artifactKey: Guid(1a63cbb998ec2c644b64f732e0c5376f) Importer(815301076,1909f56bfc062723c751e8b465ee728b)
Start importing Assets/Font/Nunito/static/Nunito-Light.ttf using Guid(1a63cbb998ec2c644b64f732e0c5376f) Importer(815301076,1909f56bfc062723c751e8b465ee728b)  -> (artifact id: 'f9925c7da7542c1e40beffe6b02fdc4c') in 0.023584 seconds 
========================================================================
Received Import Request.
  Time since last request: 0.000039 seconds.
  path: Assets/Font/Nunito/static/Nunito-SemiBoldItalic.ttf
  artifactKey: Guid(8244d814bcda135418966561793831e5) Importer(815301076,1909f56bfc062723c751e8b465ee728b)
Start importing Assets/Font/Nunito/static/Nunito-SemiBoldItalic.ttf using Guid(8244d814bcda135418966561793831e5) Importer(815301076,1909f56bfc062723c751e8b465ee728b)  -> (artifact id: '43c10856ab0de4d57f6a1c8d11bd9426') in 0.019919 seconds 
========================================================================
Received Import Request.
  Time since last request: 0.000028 seconds.
  path: Assets/Font/Nunito/static/Nunito-Italic.ttf
  artifactKey: Guid(15af94c6aac72994d919e85ea4ac6d06) Importer(815301076,1909f56bfc062723c751e8b465ee728b)
Start importing Assets/Font/Nunito/static/Nunito-Italic.ttf using Guid(15af94c6aac72994d919e85ea4ac6d06) Importer(815301076,1909f56bfc062723c751e8b465ee728b)  -> (artifact id: 'bfb4fda6d232c9da458d8a9cf3cc073f') in 0.020773 seconds 
========================================================================
Received Import Request.
  Time since last request: 0.000021 seconds.
  path: Assets/Font/Nunito/static/Nunito-MediumItalic.ttf
  artifactKey: Guid(58fbfc8e024903b43aa4e9593f5c31c8) Importer(815301076,1909f56bfc062723c751e8b465ee728b)
Start importing Assets/Font/Nunito/static/Nunito-MediumItalic.ttf using Guid(58fbfc8e024903b43aa4e9593f5c31c8) Importer(815301076,1909f56bfc062723c751e8b465ee728b)  -> (artifact id: 'daf601d91bfeb60b5cbb2da7adaa8650') in 0.021948 seconds 
Editor requested this worker to shutdown with reason: Scaling down because of idle timeout
AssetImportWorker is now disconnected from the server
Process exiting
Exiting without the bug reporter. Application will terminate with return code 0