Using pre-set license
Built from '2022.1/staging' branch; Version is '2022.1.20f1 (01d83b40d570) revision 120891'; Using compiler version '192829333'; Build Type 'Release'
OS: 'Windows 11  (10.0.22621) 64bit CoreSingleLanguage' Language: 'en' Physical Memory: 15789 MB
BatchMode: 1, IsHumanControllingUs: 0, StartBugReporterOnCrash: 0, Is64bit: 1, IsPro: 1

COMMAND LINE ARGUMENTS:
D:\Unity  Editor\2022.1.20f1\Editor\Unity.exe
-adb2
-batchMode
-noUpm
-name
AssetImportWorker1
-projectPath
D:/developmentG/FirstWeekUI
-logFile
Logs/AssetImportWorker1.log
-srvPort
49355
Successfully changed project path to: D:/developmentG/FirstWeekUI
D:/developmentG/FirstWeekUI
[UnityMemory] Configuration Parameters - Can be set up in boot.config
    "memorysetup-bucket-allocator-granularity=16"
    "memorysetup-bucket-allocator-bucket-count=8"
    "memorysetup-bucket-allocator-block-size=33554432"
    "memorysetup-bucket-allocator-block-count=8"
    "memorysetup-main-allocator-block-size=16777216"
    "memorysetup-thread-allocator-block-size=16777216"
    "memorysetup-gfx-main-allocator-block-size=16777216"
    "memorysetup-gfx-thread-allocator-block-size=16777216"
    "memorysetup-cache-allocator-block-size=4194304"
    "memorysetup-typetree-allocator-block-size=2097152"
    "memorysetup-profiler-bucket-allocator-granularity=16"
    "memorysetup-profiler-bucket-allocator-bucket-count=8"
    "memorysetup-profiler-bucket-allocator-block-size=33554432"
    "memorysetup-profiler-bucket-allocator-block-count=8"
    "memorysetup-profiler-allocator-block-size=16777216"
    "memorysetup-profiler-editor-allocator-block-size=1048576"
    "memorysetup-temp-allocator-size-main=16777216"
    "memorysetup-job-temp-allocator-block-size=2097152"
    "memorysetup-job-temp-allocator-block-size-background=1048576"
    "memorysetup-job-temp-allocator-reduction-small-platforms=262144"
    "memorysetup-temp-allocator-size-background-worker=32768"
    "memorysetup-temp-allocator-size-job-worker=262144"
    "memorysetup-temp-allocator-size-preload-manager=33554432"
    "memorysetup-temp-allocator-size-nav-mesh-worker=65536"
    "memorysetup-temp-allocator-size-audio-worker=65536"
    "memorysetup-temp-allocator-size-cloud-worker=32768"
    "memorysetup-temp-allocator-size-gi-baking-worker=262144"
    "memorysetup-temp-allocator-size-gfx=262144"
Refreshing native plugins compatible for Editor in 83.95 ms, found 3 plugins.
Preloading 0 native plugins for Editor in 0.00 ms.
Initialize engine version: 2022.1.20f1 (01d83b40d570)
[Subsystems] Discovering subsystems at path D:/Unity  Editor/2022.1.20f1/Editor/Data/Resources/UnitySubsystems
[Subsystems] Discovering subsystems at path D:/developmentG/FirstWeekUI/Assets
GfxDevice: creating device client; threaded=0; jobified=0
Direct3D:
    Version:  Direct3D 11.0 [level 11.1]
    Renderer: NVIDIA GeForce GTX 1660 Ti with Max-Q Design (ID=0x2191)
    Vendor:   NVIDIA
    VRAM:     5979 MB
    Driver:   31.0.15.3734
Initialize mono
Mono path[0] = 'D:/Unity  Editor/2022.1.20f1/Editor/Data/Managed'
Mono path[1] = 'D:/Unity  Editor/2022.1.20f1/Editor/Data/MonoBleedingEdge/lib/mono/unityjit-win32'
Mono config path = 'D:/Unity  Editor/2022.1.20f1/Editor/Data/MonoBleedingEdge/etc'
Using monoOptions --debugger-agent=transport=dt_socket,embedding=1,server=y,suspend=n,address=127.0.0.1:56152
Begin MonoManager ReloadAssembly
Registering precompiled unity dll's ...
Register platform support module: D:/Unity  Editor/2022.1.20f1/Editor/Data/PlaybackEngines/AndroidPlayer/UnityEditor.Android.Extensions.dll
Register platform support module: D:/Unity  Editor/2022.1.20f1/Editor/Data/PlaybackEngines/WindowsStandaloneSupport/UnityEditor.WindowsStandalone.Extensions.dll
Registered in 0.002408 seconds.
Native extension for WindowsStandalone target not found
Native extension for Android target not found
Refreshing native plugins compatible for Editor in 71.28 ms, found 3 plugins.
Preloading 0 native plugins for Editor in 0.00 ms.
Mono: successfully reloaded assembly
- Completed reload, in  0.726 seconds
Domain Reload Profiling:
	ReloadAssembly (727ms)
		BeginReloadAssembly (103ms)
			ExecutionOrderSort (0ms)
			DisableScriptedObjects (0ms)
			BackupInstance (0ms)
			ReleaseScriptingObjects (0ms)
			CreateAndSetChildDomain (1ms)
		EndReloadAssembly (516ms)
			LoadAssemblies (103ms)
			RebuildTransferFunctionScriptingTraits (0ms)
			SetupTypeCache (122ms)
				TypeCache.Initialize (122ms)
					TypeCache.ScanAssembly (120ms)
				ResolveRequiredComponents (0ms)
			ReleaseScriptCaches (0ms)
			RebuildScriptCaches (33ms)
			SetupLoadedEditorAssemblies (306ms)
				LogAssemblyErrors (0ms)
				InitializePlatformSupportModulesInManaged (58ms)
				SetLoadedEditorAssemblies (9ms)
				RefreshPlugins (71ms)
				BeforeProcessingInitializeOnLoad (1ms)
				ProcessInitializeOnLoadAttributes (117ms)
				ProcessInitializeOnLoadMethodAttributes (49ms)
				AfterProcessingInitializeOnLoad (0ms)
				EditorAssembliesLoaded (0ms)
			ExecutionOrderSort2 (0ms)
			AwakeInstancesAfterBackupRestoration (0ms)
Platform modules already initialized, skipping
Registering precompiled user dll's ...
Registered in 0.003672 seconds.
Begin MonoManager ReloadAssembly
Symbol file LoadedFromMemory doesn't match image D:\developmentG\FirstWeekUI\Library\PackageCache\com.unity.visualscripting@1.8.0\Editor\VisualScripting.Core\Dependencies\YamlDotNet\Unity.VisualScripting.YamlDotNet.dll
Symbol file LoadedFromMemory doesn't match image D:\developmentG\FirstWeekUI\Library\PackageCache\com.unity.visualscripting@1.8.0\Editor\VisualScripting.Core\Dependencies\DotNetZip\Unity.VisualScripting.IonicZip.dll
Native extension for WindowsStandalone target not found
Native extension for Android target not found
Refreshing native plugins compatible for Editor in 0.69 ms, found 3 plugins.
Preloading 0 native plugins for Editor in 0.00 ms.
Mono: successfully reloaded assembly
- Completed reload, in  1.016 seconds
Domain Reload Profiling:
	ReloadAssembly (1017ms)
		BeginReloadAssembly (145ms)
			ExecutionOrderSort (0ms)
			DisableScriptedObjects (6ms)
			BackupInstance (0ms)
			ReleaseScriptingObjects (0ms)
			CreateAndSetChildDomain (23ms)
		EndReloadAssembly (759ms)
			LoadAssemblies (105ms)
			RebuildTransferFunctionScriptingTraits (0ms)
			SetupTypeCache (234ms)
				TypeCache.Initialize (230ms)
					TypeCache.ScanAssembly (225ms)
				ResolveRequiredComponents (4ms)
			ReleaseScriptCaches (1ms)
			RebuildScriptCaches (54ms)
			SetupLoadedEditorAssemblies (339ms)
				LogAssemblyErrors (0ms)
				InitializePlatformSupportModulesInManaged (12ms)
				SetLoadedEditorAssemblies (7ms)
				RefreshPlugins (1ms)
				BeforeProcessingInitializeOnLoad (63ms)
				ProcessInitializeOnLoadAttributes (232ms)
				ProcessInitializeOnLoadMethodAttributes (22ms)
				AfterProcessingInitializeOnLoad (2ms)
				EditorAssembliesLoaded (0ms)
			ExecutionOrderSort2 (0ms)
			AwakeInstancesAfterBackupRestoration (6ms)
Platform modules already initialized, skipping
========================================================================
Worker process is ready to serve import requests
Launched and connected shader compiler UnityShaderCompiler.exe after 0.06 seconds
Refreshing native plugins compatible for Editor in 0.97 ms, found 3 plugins.
Preloading 0 native plugins for Editor in 0.00 ms.
Unloading 2918 Unused Serialized files (Serialized files now loaded: 0)
Unloading 22 unused Assets / (58.3 KB). Loaded Objects now: 3383.
Memory consumption went from 453.3 MB to 453.2 MB.
Total: 3.410400 ms (FindLiveObjects: 0.296000 ms CreateObjectMapping: 0.079100 ms MarkObjects: 2.936800 ms  DeleteObjects: 0.096500 ms)

AssetImportParameters requested are different than current active one (requested -> active):
  custom:video-decoder-ogg-theora: a1e56fd34408186e4bbccfd4996cb3dc -> 
  custom:container-muxer-webm: aa71ff27fc2769a1b78a27578f13a17b -> 
  custom:container-demuxer-webm: 4f35f7cbe854078d1ac9338744f61a02 -> 
  custom:video-encoder-webm-vp8: eb34c28f22e8b96e1ab97ce403110664 -> 
  custom:video-codec-MediaFoundation-h265: 746d11721c4dcdbdad8f713fa42b33f4 -> 
  custom:audio-encoder-webm-vorbis: bf7c407c2cedff20999df2af8eb42d56 -> 
  custom:framework-win-MediaFoundation: 216162199b28c13a410421893ffa2e32 -> 
  custom:container-demuxer-ogg: 62fdf1f143b41e24485cea50d1cbac27 -> 
  custom:video-decoder-webm-vp8: 9c59270c3fd7afecdb556c50c9e8de78 -> 
  custom:audio-decoder-ogg-vorbis: bf7c407c2cedff20999df2af8eb42d56 -> 
========================================================================
Received Import Request.
  Time since last request: 66743.549295 seconds.
  path: Assets/Font/Nunito/Nunito-VariableFont_wght.ttf
  artifactKey: Guid(18f28ec53be1fad4dbb6fd55ec7a468e) Importer(815301076,1909f56bfc062723c751e8b465ee728b)
Start importing Assets/Font/Nunito/Nunito-VariableFont_wght.ttf using Guid(18f28ec53be1fad4dbb6fd55ec7a468e) Importer(815301076,1909f56bfc062723c751e8b465ee728b)  -> (artifact id: 'aec0a0031d659cae68a3e2de213df25a') in 0.133967 seconds 
========================================================================
Received Import Request.
  Time since last request: 176.788905 seconds.
  path: Assets/Font/Nunito/static/Nunito-BlackItalic.ttf
  artifactKey: Guid(d448bb87cb57ce542891d811a6cf235b) Importer(815301076,1909f56bfc062723c751e8b465ee728b)
Start importing Assets/Font/Nunito/static/Nunito-BlackItalic.ttf using Guid(d448bb87cb57ce542891d811a6cf235b) Importer(815301076,1909f56bfc062723c751e8b465ee728b)  -> (artifact id: '7ebf8ae648cbbfefd83584be972f7ea7') in 0.022068 seconds 
========================================================================
Received Import Request.
  Time since last request: 0.000030 seconds.
  path: Assets/Font/Nunito/static/Nunito-Bold.ttf
  artifactKey: Guid(0b9a057fce5451c40a0b417d3d229710) Importer(815301076,1909f56bfc062723c751e8b465ee728b)
Start importing Assets/Font/Nunito/static/Nunito-Bold.ttf using Guid(0b9a057fce5451c40a0b417d3d229710) Importer(815301076,1909f56bfc062723c751e8b465ee728b)  -> (artifact id: 'e7ad8daf438a6805f7b83a5a360f957d') in 0.020519 seconds 
========================================================================
Received Import Request.
  Time since last request: 0.000029 seconds.
  path: Assets/Font/Nunito/static/Nunito-Medium.ttf
  artifactKey: Guid(227dd458e0d5f804086df0c65ac629a9) Importer(815301076,1909f56bfc062723c751e8b465ee728b)
Start importing Assets/Font/Nunito/static/Nunito-Medium.ttf using Guid(227dd458e0d5f804086df0c65ac629a9) Importer(815301076,1909f56bfc062723c751e8b465ee728b)  -> (artifact id: 'b69a70f61b40dc872e61317474a85e62') in 0.027610 seconds 
========================================================================
Received Import Request.
  Time since last request: 0.000023 seconds.
  path: Assets/Font/Nunito/static/Nunito-ExtraBoldItalic.ttf
  artifactKey: Guid(44901060762a7a745a771f21fa554968) Importer(815301076,1909f56bfc062723c751e8b465ee728b)
Start importing Assets/Font/Nunito/static/Nunito-ExtraBoldItalic.ttf using Guid(44901060762a7a745a771f21fa554968) Importer(815301076,1909f56bfc062723c751e8b465ee728b)  -> (artifact id: 'fe32ba6f07c8ab91a960d4aa54ea34fd') in 0.021832 seconds 
========================================================================
Received Import Request.
  Time since last request: 0.000027 seconds.
  path: Assets/Font/Nunito/static/Nunito-Regular.ttf
  artifactKey: Guid(8022bceb97cb5f74191713dff7d8b4dc) Importer(815301076,1909f56bfc062723c751e8b465ee728b)
Start importing Assets/Font/Nunito/static/Nunito-Regular.ttf using Guid(8022bceb97cb5f74191713dff7d8b4dc) Importer(815301076,1909f56bfc062723c751e8b465ee728b)  -> (artifact id: 'ce3d2a410f6676ceaed680ac978016d9') in 0.023868 seconds 
========================================================================
Received Import Request.
  Time since last request: 0.000029 seconds.
  path: Assets/Font/Nunito/static/Nunito-LightItalic.ttf
  artifactKey: Guid(a8bebad7dfce0ea4a9001492acb91fc8) Importer(815301076,1909f56bfc062723c751e8b465ee728b)
Start importing Assets/Font/Nunito/static/Nunito-LightItalic.ttf using Guid(a8bebad7dfce0ea4a9001492acb91fc8) Importer(815301076,1909f56bfc062723c751e8b465ee728b)  -> (artifact id: '2e5086bec00914f55cb46d8cded9c226') in 0.020501 seconds 
========================================================================
Received Import Request.
  Time since last request: 0.000035 seconds.
  path: Assets/Font/Nunito/static/Nunito-SemiBold.ttf
  artifactKey: Guid(560584471f62a9d4d82b3ebdeef61ab2) Importer(815301076,1909f56bfc062723c751e8b465ee728b)
Start importing Assets/Font/Nunito/static/Nunito-SemiBold.ttf using Guid(560584471f62a9d4d82b3ebdeef61ab2) Importer(815301076,1909f56bfc062723c751e8b465ee728b)  -> (artifact id: 'b2b601f6ef8815e066d43b1544fa2e4a') in 0.022877 seconds 
========================================================================
Received Import Request.
  Time since last request: 0.000027 seconds.
  path: Assets/Font/Nunito/static/Nunito-ExtraLight.ttf
  artifactKey: Guid(20c9091b0247b95458c806e299911d62) Importer(815301076,1909f56bfc062723c751e8b465ee728b)
Start importing Assets/Font/Nunito/static/Nunito-ExtraLight.ttf using Guid(20c9091b0247b95458c806e299911d62) Importer(815301076,1909f56bfc062723c751e8b465ee728b)  -> (artifact id: '847328f266cc1a267595a581a5ae443c') in 0.022961 seconds 
Editor requested this worker to shutdown with reason: Scaling down because of idle timeout
AssetImportWorker is now disconnected from the server
Process exiting
Exiting without the bug reporter. Application will terminate with return code 0